<?xml version="1.0" encoding="UTF-8"?>
<!-- Generated by org.testng.reporters.JUnitReportReporter -->
<testsuite hostname="MACs-MacBook-Pro.local" failures="0" tests="1" name="com.ui.tests.LoginTest3" time="8.768" errors="0" timestamp="2025-07-06T14:43:27 IST" skipped="0">
  <testcase classname="com.ui.tests.LoginTest3" name="loginTest" time="8.768"/>
</testsuite> <!-- com.ui.tests.LoginTest3 -->
